#
# There is insufficient memory for the Java Runtime Environment to continue.
# Native memory allocation (malloc) failed to allocate 32744 bytes for ChunkPool::allocate
# Possible reasons:
#   The system is out of physical RAM or swap space
#   In 32 bit mode, the process size limit was hit
# Possible solutions:
#   Reduce memory load on the system
#   Increase physical memory or swap space
#   Check if swap backing store is full
#   Use 64 bit Java on a 64 bit OS
#   Decrease Java heap size (-Xmx/-Xms)
#   Decrease number of Java threads
#   Decrease Java thread stack sizes (-Xss)
#   Set larger code cache with -XX:ReservedCodeCacheSize=
# This output file may be truncated or incomplete.
#
#  Out of Memory Error (allocation.cpp:273), pid=9136, tid=0x000000000000239c
#
# JRE version: OpenJDK Runtime Environment (8.0_76-b03) (build 1.8.0_76-release-b03)
# Java VM: OpenJDK 64-Bit Server VM (25.76-b03 mixed mode windows-amd64 compressed oops)
# Failed to write core dump. Minidumps are not enabled by default on client versions of Windows
#

---------------  T H R E A D  ---------------

Current thread (0x0000000016535800):  JavaThread "C2 CompilerThread1" daemon [_thread_in_native, id=9116, stack(0x0000000017c40000,0x0000000017d40000)]

Stack: [0x0000000017c40000,0x0000000017d40000]
[error occurred during error reporting (printing stack bounds), id 0xc0000005]

Native frames: (J=compiled Java code, j=interpreted, Vv=VM code, C=native code)


Current CompileTask:
C2: 173062 11167       4       com.android.ide.common.res2.NodeUtils::duplicateNode (315 bytes)


---------------  P R O C E S S  ---------------

Java Threads: ( => current thread )
  0x000000001d34e000 JavaThread "pool-8-thread-4" [_thread_blocked, id=6752, stack(0x0000000021c30000,0x0000000021d30000)]
  0x000000001da7d800 JavaThread "pool-8-thread-3" [_thread_blocked, id=5020, stack(0x0000000021890000,0x0000000021990000)]
  0x000000001d1ae800 JavaThread "pool-8-thread-2" [_thread_blocked, id=1300, stack(0x000000001a9a0000,0x000000001aaa0000)]
  0x000000001b617800 JavaThread "pool-8-thread-1" [_thread_blocked, id=2676, stack(0x000000001a8a0000,0x000000001a9a0000)]
  0x000000001b614800 JavaThread "Stdin handler" [_thread_blocked, id=8460, stack(0x000000001a7a0000,0x000000001a8a0000)]
  0x000000001b61b800 JavaThread "Asynchronous log dispatcher for org.gradle.launcher.daemon.server.DefaultDaemonConnection@6b3ba1a" [_thread_blocked, id=5172, stack(0x000000001a6a0000,0x000000001a7a0000)]
  0x000000001b615800 JavaThread "Daemon worker Thread 2" [_thread_in_Java, id=4988, stack(0x000000001a5a0000,0x000000001a6a0000)]
  0x000000001b61a800 JavaThread "Cancel handler" [_thread_blocked, id=4140, stack(0x000000001a4a0000,0x000000001a5a0000)]
  0x000000001b618800 JavaThread "Handler for socket connection from /127.0.0.1:4426 to /127.0.0.1:4652" [_thread_in_native, id=3972, stack(0x0000000002740000,0x0000000002840000)]
  0x000000001b619000 JavaThread "Daemon Thread 2" [_thread_blocked, id=6404, stack(0x0000000000e90000,0x0000000000f90000)]
  0x000000001d1ab800 JavaThread "stdout" daemon [_thread_in_native, id=7300, stack(0x0000000026820000,0x0000000026920000)]
  0x000000001d1aa800 JavaThread "stderr" daemon [_thread_in_native, id=8976, stack(0x0000000026720000,0x0000000026820000)]
  0x000000001d1ad000 JavaThread "stdout" daemon [_thread_in_native, id=4800, stack(0x0000000026620000,0x0000000026720000)]
  0x000000001d1aa000 JavaThread "stderr" daemon [_thread_in_native, id=212, stack(0x0000000026520000,0x0000000026620000)]
  0x000000001d1ac000 JavaThread "stdout" daemon [_thread_in_native, id=8344, stack(0x0000000026420000,0x0000000026520000)]
  0x000000001d1ad800 JavaThread "stderr" daemon [_thread_in_native, id=7372, stack(0x0000000026320000,0x0000000026420000)]
  0x000000001d1a2800 JavaThread "stdout" daemon [_thread_in_native, id=6368, stack(0x0000000026220000,0x0000000026320000)]
  0x000000001d1a9000 JavaThread "stderr" daemon [_thread_in_native, id=8940, stack(0x0000000026120000,0x0000000026220000)]
  0x000000001d1a8800 JavaThread "stdout" daemon [_thread_in_native, id=6200, stack(0x0000000026020000,0x0000000026120000)]
  0x000000001d1a7800 JavaThread "stderr" daemon [_thread_in_native, id=964, stack(0x0000000025f20000,0x0000000026020000)]
  0x000000001d1a0000 JavaThread "stdout" daemon [_thread_in_native, id=8524, stack(0x0000000025e20000,0x0000000025f20000)]
  0x000000001d1a7000 JavaThread "stderr" daemon [_thread_in_native, id=7376, stack(0x0000000025d20000,0x0000000025e20000)]
  0x000000001d19f800 JavaThread "stdout" daemon [_thread_in_native, id=6832, stack(0x0000000025c20000,0x0000000025d20000)]
  0x000000001d1a6000 JavaThread "stderr" daemon [_thread_in_native, id=6056, stack(0x0000000025b20000,0x0000000025c20000)]
  0x000000001d1a1800 JavaThread "stdout" daemon [_thread_in_native, id=4780, stack(0x0000000025a20000,0x0000000025b20000)]
  0x000000001d1a5800 JavaThread "stderr" daemon [_thread_in_native, id=3500, stack(0x0000000025920000,0x0000000025a20000)]
  0x000000001d1a4000 JavaThread "stdout" daemon [_thread_in_native, id=4300, stack(0x0000000025820000,0x0000000025920000)]
  0x000000001d1a3000 JavaThread "stderr" daemon [_thread_in_native, id=6596, stack(0x0000000025720000,0x0000000025820000)]
  0x000000001d1a1000 JavaThread "stdout" daemon [_thread_in_native, id=7748, stack(0x0000000025620000,0x0000000025720000)]
  0x000000001d1a4800 JavaThread "stderr" daemon [_thread_in_native, id=8716, stack(0x0000000025520000,0x0000000025620000)]
  0x000000001da7a000 JavaThread "stdout" daemon [_thread_in_native, id=2344, stack(0x0000000025420000,0x0000000025520000)]
  0x000000001da79000 JavaThread "stderr" daemon [_thread_in_native, id=5100, stack(0x0000000025320000,0x0000000025420000)]
  0x000000001da7f000 JavaThread "stdout" daemon [_thread_in_native, id=2612, stack(0x0000000025220000,0x0000000025320000)]
  0x000000001da7b800 JavaThread "stderr" daemon [_thread_in_native, id=7824, stack(0x0000000025120000,0x0000000025220000)]
  0x000000001da7e800 JavaThread "stdout" daemon [_thread_in_native, id=6696, stack(0x0000000024f20000,0x0000000025020000)]
  0x000000001da7a800 JavaThread "stderr" daemon [_thread_in_native, id=2096, stack(0x0000000024e20000,0x0000000024f20000)]
  0x000000001da7c000 JavaThread "stdout" daemon [_thread_in_native, id=1176, stack(0x0000000024c20000,0x0000000024d20000)]
  0x000000001da7d000 JavaThread "stderr" daemon [_thread_in_native, id=3776, stack(0x0000000024b20000,0x0000000024c20000)]
  0x000000001da71800 JavaThread "stdout" daemon [_thread_in_native, id=8732, stack(0x0000000024a20000,0x0000000024b20000)]
  0x000000001da78800 JavaThread "stderr" daemon [_thread_in_native, id=6348, stack(0x0000000024920000,0x0000000024a20000)]
  0x000000001da77800 JavaThread "png-cruncher_20" daemon [_thread_blocked, id=7144, stack(0x0000000024820000,0x0000000024920000)]
  0x000000001da70000 JavaThread "png-cruncher_19" daemon [_thread_blocked, id=5520, stack(0x0000000024720000,0x0000000024820000)]
  0x000000001da76000 JavaThread "png-cruncher_18" daemon [_thread_blocked, id=9192, stack(0x0000000024620000,0x0000000024720000)]
  0x000000001da75800 JavaThread "png-cruncher_17" daemon [_thread_blocked, id=6952, stack(0x0000000024520000,0x0000000024620000)]
  0x000000001da71000 JavaThread "png-cruncher_16" daemon [_thread_blocked, id=7592, stack(0x0000000024420000,0x0000000024520000)]
  0x000000001da74800 JavaThread "stdout" daemon [_thread_in_native, id=5000, stack(0x0000000024320000,0x0000000024420000)]
  0x000000001da74000 JavaThread "stderr" daemon [_thread_in_native, id=1996, stack(0x0000000024220000,0x0000000024320000)]
  0x000000001da77000 JavaThread "stdout" daemon [_thread_in_native, id=4740, stack(0x0000000024120000,0x0000000024220000)]
  0x000000001da73000 JavaThread "stderr" daemon [_thread_in_native, id=656, stack(0x0000000024020000,0x0000000024120000)]
  0x000000001da72800 JavaThread "png-cruncher_15" daemon [_thread_blocked, id=3580, stack(0x0000000023f20000,0x0000000024020000)]
  0x000000001d357000 JavaThread "png-cruncher_14" daemon [_thread_blocked, id=8972, stack(0x0000000023e20000,0x0000000023f20000)]
  0x000000001d356800 JavaThread "png-cruncher_13" daemon [_thread_blocked, id=6612, stack(0x0000000023d20000,0x0000000023e20000)]
  0x000000001d354800 JavaThread "png-cruncher_12" daemon [_thread_blocked, id=4932, stack(0x0000000023c20000,0x0000000023d20000)]
  0x000000001d354000 JavaThread "png-cruncher_11" daemon [_thread_blocked, id=684, stack(0x0000000023b20000,0x0000000023c20000)]
  0x000000001d358000 JavaThread "png-cruncher_10" daemon [_thread_blocked, id=3360, stack(0x0000000023a20000,0x0000000023b20000)]
  0x000000001d358800 JavaThread "png-cruncher_9" daemon [_thread_blocked, id=6908, stack(0x0000000023920000,0x0000000023a20000)]
  0x000000001d355800 JavaThread "png-cruncher_8" daemon [_thread_blocked, id=8288, stack(0x0000000023820000,0x0000000023920000)]
  0x000000001d34c800 JavaThread "png-cruncher_7" daemon [_thread_blocked, id=5592, stack(0x0000000023720000,0x0000000023820000)]
  0x000000001d353000 JavaThread "png-cruncher_6" daemon [_thread_blocked, id=8488, stack(0x0000000023620000,0x0000000023720000)]
  0x000000001d352800 JavaThread "stdout" daemon [_thread_in_native, id=7636, stack(0x0000000023520000,0x0000000023620000)]
  0x000000001d34b000 JavaThread "stderr" daemon [_thread_in_native, id=8132, stack(0x0000000023420000,0x0000000023520000)]
  0x000000001d351800 JavaThread "stdout" daemon [_thread_in_native, id=8584, stack(0x0000000023320000,0x0000000023420000)]
  0x000000001d34a000 JavaThread "stderr" daemon [_thread_in_native, id=5572, stack(0x0000000023220000,0x0000000023320000)]
  0x000000001d351000 JavaThread "stdout" daemon [_thread_in_native, id=5652, stack(0x0000000023120000,0x0000000023220000)]
  0x000000001d34f800 JavaThread "stderr" daemon [_thread_in_native, id=4396, stack(0x0000000023020000,0x0000000023120000)]
  0x000000001d34d000 JavaThread "png-cruncher_5" daemon [_thread_blocked, id=5908, stack(0x0000000022f20000,0x0000000023020000)]
  0x000000001d34b800 JavaThread "png-cruncher_4" daemon [_thread_blocked, id=2472, stack(0x0000000022e20000,0x0000000022f20000)]
  0x000000001d349800 JavaThread "png-cruncher_3" daemon [_thread_blocked, id=4032, stack(0x0000000022d20000,0x0000000022e20000)]
  0x000000001d34e800 JavaThread "png-cruncher_2" daemon [_thread_blocked, id=1976, stack(0x0000000022c20000,0x0000000022d20000)]
  0x000000001d350000 JavaThread "png-cruncher_1" daemon [_thread_blocked, id=4176, stack(0x0000000022b20000,0x0000000022c20000)]
  0x00000000197a7800 JavaThread "File lock request listener" [_thread_in_native, id=4072, stack(0x000000001e010000,0x000000001e110000)]
  0x0000000018fa4000 JavaThread "pool-1-thread-1" [_thread_blocked, id=7848, stack(0x000000001a3a0000,0x000000001a4a0000)]
  0x0000000018e96000 JavaThread "Incoming local TCP Connector on port 4426" [_thread_in_native, id=1060, stack(0x0000000018c40000,0x0000000018d40000)]
  0x0000000017e5b800 JavaThread "Service Thread" daemon [_thread_blocked, id=7308, stack(0x0000000018240000,0x0000000018340000)]
  0x000000001655b800 JavaThread "C1 CompilerThread2" daemon [_thread_blocked, id=4324, stack(0x0000000017d40000,0x0000000017e40000)]
=>0x0000000016535800 JavaThread "C2 CompilerThread1" daemon [_thread_in_native, id=9116, stack(0x0000000017c40000,0x0000000017d40000)]
  0x000000001650d000 JavaThread "C2 CompilerThread0" daemon [_thread_in_native, id=6224, stack(0x0000000017b40000,0x0000000017c40000)]
  0x000000001650b800 JavaThread "Attach Listener" daemon [_thread_blocked, id=680, stack(0x0000000017a40000,0x0000000017b40000)]
  0x000000001650a800 JavaThread "Signal Dispatcher" daemon [_thread_blocked, id=5504, stack(0x0000000017940000,0x0000000017a40000)]
  0x00000000164f8800 JavaThread "Finalizer" daemon [_thread_blocked, id=8792, stack(0x0000000017760000,0x0000000017860000)]
  0x0000000002b91000 JavaThread "Reference Handler" daemon [_thread_blocked, id=7744, stack(0x0000000017660000,0x0000000017760000)]
  0x0000000002aa0800 JavaThread "main" [_thread_blocked, id=8060, stack(0x00000000028e0000,0x00000000029e0000)]

Other Threads:
  0x00000000164d5000 VMThread [stack: 0x0000000017560000,0x0000000017660000] [id=8748]
  0x0000000017e5c800 WatcherThread [stack: 0x0000000018340000,0x0000000018440000] [id=3576]

VM state:not at safepoint (normal execution)

VM Mutex/Monitor currently owned by a thread: None

Heap:
 PSYoungGen      total 336384K, used 61640K [0x00000000e0000000, 0x00000000fe800000, 0x0000000100000000)
  eden space 315392K, 13% used [0x00000000e0000000,0x00000000e28b8fc0,0x00000000f3400000)
  from space 20992K, 94% used [0x00000000f3400000,0x00000000f4779118,0x00000000f4880000)
  to   space 23552K, 0% used [0x00000000fd100000,0x00000000fd100000,0x00000000fe800000)
 ParOldGen       total 73216K, used 43447K [0x00000000a0000000, 0x00000000a4780000, 0x00000000e0000000)
  object space 73216K, 59% used [0x00000000a0000000,0x00000000a2a6dcd8,0x00000000a4780000)
 Metaspace       used 59301K, capacity 61774K, committed 62000K, reserved 1103872K
  class space    used 7878K, capacity 8486K, committed 8496K, reserved 1048576K

Card table byte_map: [0x0000000011f60000,0x0000000012270000] byte_map_base: 0x0000000011a60000

Marking Bits: (ParMarkBitMap*) 0x000000006c579d00
 Begin Bits: [0x0000000012870000, 0x0000000014070000)
 End Bits:   [0x0000000014070000, 0x0000000015870000)

Polling page: 0x0000000002890000

CodeCache: size=245760Kb used=31552Kb max_used=31563Kb free=214208Kb
 bounds [0x0000000002ba0000, 0x0000000004aa0000, 0x0000000011ba0000]
 total_blobs=9956 nmethods=9235 adapters=633
 compilation: enabled

Compilation events (10 events):
Event: 173.009 Thread 0x000000001655b800 11163       3       com.android.ide.common.res2.NodeUtils::getDocumentNamespaceAttributes (38 bytes)
Event: 173.009 Thread 0x000000001655b800 nmethod 11163 0x0000000003bfce10 code [0x0000000003bfcfa0, 0x0000000003bfd328]
Event: 173.018 Thread 0x0000000016535800 nmethod 11165 0x000000000343f110 code [0x000000000343f260, 0x000000000343f618]
Event: 173.018 Thread 0x0000000016535800 11168       4       com.sun.org.apache.xerces.internal.dom.AttrImpl::getValue (176 bytes)
Event: 173.021 Thread 0x0000000016535800 nmethod 11168 0x0000000003ffc1d0 code [0x0000000003ffc320, 0x0000000003ffc468]
Event: 173.021 Thread 0x0000000016535800 11166       4       com.sun.org.apache.xerces.internal.dom.CharacterDataImpl::getNodeValue (16 bytes)
Event: 173.023 Thread 0x0000000016535800 nmethod 11166 0x0000000002dff690 code [0x0000000002dff7e0, 0x0000000002dff8a8]
Event: 173.023 Thread 0x0000000016535800 11170       4       com.sun.org.apache.xerces.internal.dom.ElementNSImpl::getNamespaceURI (16 bytes)
Event: 173.024 Thread 0x0000000016535800 nmethod 11170 0x00000000042d0d10 code [0x00000000042d0e60, 0x00000000042d0f28]
Event: 173.024 Thread 0x0000000016535800 11167       4       com.android.ide.common.res2.NodeUtils::duplicateNode (315 bytes)

GC Heap History (10 events):
Event: 20.404 GC heap before
{Heap before GC invocations=16 (full 2):
 PSYoungGen      total 156672K, used 26267K [0x00000000e0000000, 0x00000000efd00000, 0x0000000100000000)
  eden space 142336K, 8% used [0x00000000e0000000,0x00000000e0baa030,0x00000000e8b00000)
  from space 14336K, 99% used [0x00000000e8b00000,0x00000000e98fce88,0x00000000e9900000)
  to   space 21504K, 0% used [0x00000000ee800000,0x00000000ee800000,0x00000000efd00000)
 ParOldGen       total 73216K, used 32764K [0x00000000a0000000, 0x00000000a4780000, 0x00000000e0000000)
  object space 73216K, 44% used [0x00000000a0000000,0x00000000a1fff398,0x00000000a4780000)
 Metaspace       used 51992K, capacity 54052K, committed 54320K, reserved 1095680K
  class space    used 7145K, capacity 7693K, committed 7728K, reserved 1048576K
Event: 20.420 GC heap after
Heap after GC invocations=16 (full 2):
 PSYoungGen      total 236544K, used 15218K [0x00000000e0000000, 0x00000000eff00000, 0x0000000100000000)
  eden space 215040K, 0% used [0x00000000e0000000,0x00000000e0000000,0x00000000ed200000)
  from space 21504K, 70% used [0x00000000ee800000,0x00000000ef6dc888,0x00000000efd00000)
  to   space 22528K, 0% used [0x00000000ed200000,0x00000000ed200000,0x00000000ee800000)
 ParOldGen       total 73216K, used 32772K [0x00000000a0000000, 0x00000000a4780000, 0x00000000e0000000)
  object space 73216K, 44% used [0x00000000a0000000,0x00000000a2001398,0x00000000a4780000)
 Metaspace       used 51992K, capacity 54052K, committed 54320K, reserved 1095680K
  class space    used 7145K, capacity 7693K, committed 7728K, reserved 1048576K
}
Event: 20.420 GC heap before
{Heap before GC invocations=17 (full 3):
 PSYoungGen      total 236544K, used 15218K [0x00000000e0000000, 0x00000000eff00000, 0x0000000100000000)
  eden space 215040K, 0% used [0x00000000e0000000,0x00000000e0000000,0x00000000ed200000)
  from space 21504K, 70% used [0x00000000ee800000,0x00000000ef6dc888,0x00000000efd00000)
  to   space 22528K, 0% used [0x00000000ed200000,0x00000000ed200000,0x00000000ee800000)
 ParOldGen       total 73216K, used 32772K [0x00000000a0000000, 0x00000000a4780000, 0x00000000e0000000)
  object space 73216K, 44% used [0x00000000a0000000,0x00000000a2001398,0x00000000a4780000)
 Metaspace       used 51992K, capacity 54052K, committed 54320K, reserved 1095680K
  class space    used 7145K, capacity 7693K, committed 7728K, reserved 1048576K
Event: 20.686 GC heap after
Heap after GC invocations=17 (full 3):
 PSYoungGen      total 236544K, used 0K [0x00000000e0000000, 0x00000000eff00000, 0x0000000100000000)
  eden space 215040K, 0% used [0x00000000e0000000,0x00000000e0000000,0x00000000ed200000)
  from space 21504K, 0% used [0x00000000ee800000,0x00000000ee800000,0x00000000efd00000)
  to   space 22528K, 0% used [0x00000000ed200000,0x00000000ed200000,0x00000000ee800000)
 ParOldGen       total 73216K, used 40902K [0x00000000a0000000, 0x00000000a4780000, 0x00000000e0000000)
  object space 73216K, 55% used [0x00000000a0000000,0x00000000a27f1868,0x00000000a4780000)
 Metaspace       used 51992K, capacity 54052K, committed 54320K, reserved 1095680K
  class space    used 7145K, capacity 7693K, committed 7728K, reserved 1048576K
}
Event: 34.288 GC heap before
{Heap before GC invocations=18 (full 3):
 PSYoungGen      total 236544K, used 215040K [0x00000000e0000000, 0x00000000eff00000, 0x0000000100000000)
  eden space 215040K, 100% used [0x00000000e0000000,0x00000000ed200000,0x00000000ed200000)
  from space 21504K, 0% used [0x00000000ee800000,0x00000000ee800000,0x00000000efd00000)
  to   space 22528K, 0% used [0x00000000ed200000,0x00000000ed200000,0x00000000ee800000)
 ParOldGen       total 73216K, used 40902K [0x00000000a0000000, 0x00000000a4780000, 0x00000000e0000000)
  object space 73216K, 55% used [0x00000000a0000000,0x00000000a27f1868,0x00000000a4780000)
 Metaspace       used 56109K, capacity 58314K, committed 58672K, reserved 1099776K
  class space    used 7559K, capacity 8130K, committed 8240K, reserved 1048576K
Event: 34.306 GC heap after
Heap after GC invocations=18 (full 3):
 PSYoungGen      total 237568K, used 10131K [0x00000000e0000000, 0x00000000f6380000, 0x0000000100000000)
  eden space 215040K, 0% used [0x00000000e0000000,0x00000000e0000000,0x00000000ed200000)
  from space 22528K, 44% used [0x00000000ed200000,0x00000000edbe4f68,0x00000000ee800000)
  to   space 21504K, 0% used [0x00000000f4e80000,0x00000000f4e80000,0x00000000f6380000)
 ParOldGen       total 73216K, used 40910K [0x00000000a0000000, 0x00000000a4780000, 0x00000000e0000000)
  object space 73216K, 55% used [0x00000000a0000000,0x00000000a27f3868,0x00000000a4780000)
 Metaspace       used 56109K, capacity 58314K, committed 58672K, reserved 1099776K
  class space    used 7559K, capacity 8130K, committed 8240K, reserved 1048576K
}
Event: 48.130 GC heap before
{Heap before GC invocations=19 (full 3):
 PSYoungGen      total 237568K, used 225171K [0x00000000e0000000, 0x00000000f6380000, 0x0000000100000000)
  eden space 215040K, 100% used [0x00000000e0000000,0x00000000ed200000,0x00000000ed200000)
  from space 22528K, 44% used [0x00000000ed200000,0x00000000edbe4f68,0x00000000ee800000)
  to   space 21504K, 0% used [0x00000000f4e80000,0x00000000f4e80000,0x00000000f6380000)
 ParOldGen       total 73216K, used 40910K [0x00000000a0000000, 0x00000000a4780000, 0x00000000e0000000)
  object space 73216K, 55% used [0x00000000a0000000,0x00000000a27f3868,0x00000000a4780000)
 Metaspace       used 58103K, capacity 60392K, committed 60592K, reserved 1101824K
  class space    used 7775K, capacity 8367K, committed 8368K, reserved 1048576K
Event: 48.142 GC heap after
Heap after GC invocations=19 (full 3):
 PSYoungGen      total 330240K, used 12578K [0x00000000e0000000, 0x00000000f5d00000, 0x0000000100000000)
  eden space 315392K, 0% used [0x00000000e0000000,0x00000000e0000000,0x00000000f3400000)
  from space 14848K, 84% used [0x00000000f4e80000,0x00000000f5ac8b48,0x00000000f5d00000)
  to   space 20992K, 0% used [0x00000000f3400000,0x00000000f3400000,0x00000000f4880000)
 ParOldGen       total 73216K, used 40918K [0x00000000a0000000, 0x00000000a4780000, 0x00000000e0000000)
  object space 73216K, 55% used [0x00000000a0000000,0x00000000a27f5868,0x00000000a4780000)
 Metaspace       used 58103K, capacity 60392K, committed 60592K, reserved 1101824K
  class space    used 7775K, capacity 8367K, committed 8368K, reserved 1048576K
}
Event: 166.272 GC heap before
{Heap before GC invocations=20 (full 3):
 PSYoungGen      total 330240K, used 327970K [0x00000000e0000000, 0x00000000f5d00000, 0x0000000100000000)
  eden space 315392K, 100% used [0x00000000e0000000,0x00000000f3400000,0x00000000f3400000)
  from space 14848K, 84% used [0x00000000f4e80000,0x00000000f5ac8b48,0x00000000f5d00000)
  to   space 20992K, 0% used [0x00000000f3400000,0x00000000f3400000,0x00000000f4880000)
 ParOldGen       total 73216K, used 40918K [0x00000000a0000000, 0x00000000a4780000, 0x00000000e0000000)
  object space 73216K, 55% used [0x00000000a0000000,0x00000000a27f5868,0x00000000a4780000)
 Metaspace       used 59274K, capacity 61774K, committed 62000K, reserved 1103872K
  class space    used 7878K, capacity 8486K, committed 8496K, reserved 1048576K
Event: 166.319 GC heap after
Heap after GC invocations=20 (full 3):
 PSYoungGen      total 336384K, used 19940K [0x00000000e0000000, 0x00000000fe800000, 0x0000000100000000)
  eden space 315392K, 0% used [0x00000000e0000000,0x00000000e0000000,0x00000000f3400000)
  from space 20992K, 94% used [0x00000000f3400000,0x00000000f4779118,0x00000000f4880000)
  to   space 23552K, 0% used [0x00000000fd100000,0x00000000fd100000,0x00000000fe800000)
 ParOldGen       total 73216K, used 43447K [0x00000000a0000000, 0x00000000a4780000, 0x00000000e0000000)
  object space 73216K, 59% used [0x00000000a0000000,0x00000000a2a6dcd8,0x00000000a4780000)
 Metaspace       used 59274K, capacity 61774K, committed 62000K, reserved 1103872K
  class space    used 7878K, capacity 8486K, committed 8496K, reserved 1048576K
}

Deoptimization events (10 events):
Event: 155.491 Thread 0x000000001b615800 Uncommon trap: reason=bimorphic action=maybe_recompile pc=0x0000000003f82ae8 method=java.util.HashMap.removeNode(ILjava/lang/Object;Ljava/lang/Object;ZZ)Ljava/util/HashMap$Node; @ 68
Event: 159.388 Thread 0x000000001b615800 Uncommon trap: reason=array_check action=maybe_recompile pc=0x000000000422a9c4 method=java.util.TimSort.binarySort([Ljava/lang/Object;IIILjava/util/Comparator;)V @ 193
Event: 159.388 Thread 0x000000001b615800 Uncommon trap: reason=array_check action=maybe_recompile pc=0x000000000422a9c4 method=java.util.TimSort.binarySort([Ljava/lang/Object;IIILjava/util/Comparator;)V @ 193
Event: 163.849 Thread 0x000000001b615800 Uncommon trap: reason=array_check action=maybe_recompile pc=0x000000000395a358 method=java.util.TimSort.binarySort([Ljava/lang/Object;IIILjava/util/Comparator;)V @ 183
Event: 164.555 Thread 0x000000001b615800 Uncommon trap: reason=unstable_if action=reinterpret pc=0x0000000003a74fa8 method=com.sun.org.apache.xerces.internal.dom.CharacterDataImpl.getNodeValue()Ljava/lang/String; @ 4
Event: 164.719 Thread 0x000000001b615800 Uncommon trap: reason=array_check action=maybe_recompile pc=0x000000000395a358 method=java.util.TimSort.binarySort([Ljava/lang/Object;IIILjava/util/Comparator;)V @ 183
Event: 164.761 Thread 0x000000001b615800 Uncommon trap: reason=null_check action=make_not_entrant pc=0x0000000004975cc8 method=com.sun.org.apache.xerces.internal.dom.NamedNodeMapImpl.findNamePoint(Ljava/lang/String;Ljava/lang/String;)I @ 76
Event: 164.763 Thread 0x000000001b615800 Uncommon trap: reason=null_check action=make_not_entrant pc=0x000000000497325c method=com.sun.org.apache.xerces.internal.dom.NamedNodeMapImpl.findNamePoint(Ljava/lang/String;Ljava/lang/String;)I @ 76
Event: 165.264 Thread 0x000000001b615800 Uncommon trap: reason=class_check action=maybe_recompile pc=0x0000000003a49ca8 method=com.sun.org.apache.xerces.internal.dom.NamedNodeMapImpl.item(I)Lorg/w3c/dom/Node; @ 33
Event: 167.467 Thread 0x000000001da72800 Uncommon trap: reason=unstable_if action=reinterpret pc=0x0000000004774c40 method=java.util.concurrent.locks.ReentrantLock$Sync.nonfairTryAcquire(I)Z @ 19

Internal exceptions (10 events):
Event: 150.286 Thread 0x000000001b615800 Exception <a 'java/lang/ClassNotFoundException': com/android/build/gradle/tasks/CheckManifestInInstantRunMode_DecoratedBeanInfo> (0x00000000e938f930) thrown at [C:\src\android\AOSP-openjdk\external\jetbrains\jdk\hotspot\src\share\vm\classfile\systemDiction°m™˚*…b@
Event: 150.286 Thread 0x000000001b615800 Exception <a 'java/lang/ClassNotFoundException': com/android/build/gradle/tasks/CheckManifestInInstantRunModeBeanInfo> (0x00000000e93a38a0) thrown at [C:\src\android\AOSP-openjdk\external\jetbrains\jdk\hotspot\src\share\vm\classfile\systemDictionary.cpp, l¬éÇ.…b@
Event: 150.287 Thread 0x000000001b615800 Exception <a 'java/lang/ClassNotFoundException': com/android/build/gradle/tasks/CheckManifestInInstantRunModeCustomizer> (0x00000000e93b7c30) thrown at [C:\src\android\AOSP-openjdk\external\jetbrains\jdk\hotspot\src\share\vm\classfile\systemDictionary.cpp,
Event: 150.291 Thread 0x000000001b615800 Exception <a 'java/lang/ClassNotFoundException': com/android/build/gradle/tasks/CheckManifestInInstantRunMode_DecoratedCustomizer> (0x00000000e93e1950) thrown at [C:\src\android\AOSP-openjdk\external\jetbrains\jdk\hotspot\src\share\vm\classfile\systemDictiQ.xò√…b@
Event: 150.305 Thread 0x000000001b615800 Exception <a 'java/lang/ClassNotFoundException': com/android/build/gradle/tasks/fd/GenerateInstantRunAppInfoTask_DecoratedBeanInfo> (0x00000000e95037e0) thrown at [C:\src\android\AOSP-openjdk\external\jetbrains\jdk\hotspot\src\share\vm\classfile\systemDictáÁ¡‚«…b@
Event: 150.306 Thread 0x000000001b615800 Exception <a 'java/lang/ClassNotFoundException': com/android/build/gradle/tasks/fd/GenerateInstantRunAppInfoTaskBeanInfo> (0x00000000e9517f28) thrown at [C:\src\android\AOSP-openjdk\external\jetbrains\jdk\hotspot\src\share\vm\classfile\systemDictionary.cppÊèô8 …b@
Event: 150.306 Thread 0x000000001b615800 Exception <a 'java/lang/ClassNotFoundException': com/android/build/gradle/tasks/fd/GenerateInstantRunAppInfoTaskCustomizer> (0x00000000e952ca48) thrown at [C:\src\android\AOSP-openjdk\external\jetbrains\jdk\hotspot\src\share\vm\classfile\systemDictionary.c|˛uLﬁ…b@
Event: 150.308 Thread 0x000000001b615800 Exception <a 'java/lang/ClassNotFoundException': com/android/build/gradle/tasks/fd/GenerateInstantRunAppInfoTask_DecoratedCustomizer> (0x00000000e9555300) thrown at [C:\src\android\AOSP-openjdk\external\jetbrains\jdk\hotspot\src\share\vm\classfile\systemDi®#\°\òd@
Event: 164.761 Thread 0x000000001b615800 Implicit null exception at 0x0000000004975155 to 0x0000000004975ca9
Event: 164.763 Thread 0x000000001b615800 Implicit null exception at 0x0000000004972560 to 0x0000000004973239

Events (10 events):
Event: 172.991 Thread 0x000000001b615800 DEOPT PACKING pc=0x00000000033a80ce sp=0x000000001a69bfa0
Event: 172.991 Thread 0x000000001b615800 DEOPT UNPACKING pc=0x0000000002be75bf sp=0x000000001a69bd58 mode 0
Event: 172.992 Thread 0x000000001b615800 DEOPT PACKING pc=0x00000000033a80ce sp=0x000000001a69bfa0
Event: 172.993 Thread 0x000000001b615800 DEOPT UNPACKING pc=0x0000000002be75bf sp=0x000000001a69bd58 mode 0
Event: 172.993 Thread 0x000000001b615800 DEOPT PACKING pc=0x00000000033a80ce sp=0x000000001a69bfa0
Event: 172.993 Thread 0x000000001b615800 DEOPT UNPACKING pc=0x0000000002be75bf sp=0x000000001a69bd58 mode 0
Event: 172.994 Thread 0x000000001b615800 DEOPT PACKING pc=0x00000000033a80ce sp=0x000000001a69bfa0
Event: 172.994 Thread 0x000000001b615800 DEOPT UNPACKING pc=0x0000000002be75bf sp=0x000000001a69bd58 mode 0
Event: 172.994 Thread 0x000000001b615800 DEOPT PACKING pc=0x00000000033a80ce sp=0x000000001a69bfa0
Event: 172.994 Thread 0x000000001b615800 DEOPT UNPACKING pc=0x0000000002be75bf sp=0x000000001a69bd58 mode 0


Dynamic libraries:
0x00007ff798720000 - 0x00007ff798751000 	C:\Program Files\Android\Android Studio\jre\bin\java.exe
0x00007ffdec4b0000 - 0x00007ffdec672000 	C:\Windows\SYSTEM32\ntdll.dll
0x00007ffde9ea0000 - 0x00007ffde9f4d000 	C:\Windows\system32\KERNEL32.DLL
0x00007ffde9020000 - 0x00007ffde91fd000 	C:\Windows\system32\KERNELBASE.dll
0x00007ffdec3f0000 - 0x00007ffdec496000 	C:\Windows\system32\ADVAPI32.dll
0x00007ffdea430000 - 0x00007ffdea4cd000 	C:\Windows\system32\msvcrt.dll
0x00007ffde9cd0000 - 0x00007ffde9d2b000 	C:\Windows\system32\sechost.dll
0x00007ffdeac00000 - 0x00007ffdead26000 	C:\Windows\system32\RPCRT4.dll
0x00007ffde9d40000 - 0x00007ffde9e8e000 	C:\Windows\system32\USER32.dll
0x00007ffdec260000 - 0x00007ffdec3e4000 	C:\Windows\system32\GDI32.dll
0x00007ffde5e60000 - 0x00007ffde60d4000 	C:\Windows\WinSxS\amd64_microsoft.windows.common-controls_6595b64144ccf1df_6.0.10240.17184_none_f41d7a705752bce6\COMCTL32.dll
0x00007ffdeaa10000 - 0x00007ffdeaa46000 	C:\Windows\system32\IMM32.DLL
0x00007ffde9b70000 - 0x00007ffde9ccc000 	C:\Windows\system32\MSCTF.dll
0x000000006cba0000 - 0x000000006cc72000 	C:\Program Files\Android\Android Studio\jre\jre\bin\msvcr100.dll
0x000000006bdc0000 - 0x000000006c5f4000 	C:\Program Files\Android\Android Studio\jre\jre\bin\server\jvm.dll
0x00007ffde9e90000 - 0x00007ffde9e98000 	C:\Windows\system32\PSAPI.DLL
0x00007ffde6b00000 - 0x00007ffde6b23000 	C:\Windows\SYSTEM32\WINMM.dll
0x00007ffddb670000 - 0x00007ffddb679000 	C:\Windows\SYSTEM32\WSOCK32.dll
0x00007ffdea8c0000 - 0x00007ffdea929000 	C:\Windows\system32\WS2_32.dll
0x00007ffdec4a0000 - 0x00007ffdec4a8000 	C:\Windows\system32\NSI.dll
0x0000000002840000 - 0x000000000286c000 	C:\Windows\SYSTEM32\WINMMBASE.dll
0x00007ffde9830000 - 0x00007ffde9874000 	C:\Windows\system32\cfgmgr32.dll
0x00007ffde7850000 - 0x00007ffde7877000 	C:\Windows\SYSTEM32\DEVOBJ.dll
0x00007ffde61c0000 - 0x00007ffde61ca000 	C:\Windows\SYSTEM32\VERSION.dll
0x00007ffde75a0000 - 0x00007ffde75af000 	C:\Program Files\Android\Android Studio\jre\jre\bin\verify.dll
0x00007ffde4fd0000 - 0x00007ffde4ff9000 	C:\Program Files\Android\Android Studio\jre\jre\bin\java.dll
0x00007ffde4210000 - 0x00007ffde4226000 	C:\Program Files\Android\Android Studio\jre\jre\bin\zip.dll
0x00007ffdead30000 - 0x00007ffdec253000 	C:\Windows\system32\SHELL32.dll
0x00007ffde9200000 - 0x00007ffde9829000 	C:\Windows\system32\windows.storage.dll
0x00007ffdea190000 - 0x00007ffdea40c000 	C:\Windows\system32\combase.dll
0x00007ffdea600000 - 0x00007ffdea651000 	C:\Windows\system32\shlwapi.dll
0x00007ffde8ed0000 - 0x00007ffde8edf000 	C:\Windows\system32\kernel.appcore.dll
0x00007ffde9ab0000 - 0x00007ffde9b63000 	C:\Windows\system32\shcore.dll
0x00007ffde8f00000 - 0x00007ffde8f4a000 	C:\Windows\system32\powrprof.dll
0x00007ffde8f50000 - 0x00007ffde8f63000 	C:\Windows\system32\profapi.dll
0x00007ffde3f40000 - 0x00007ffde3f5a000 	C:\Program Files\Android\Android Studio\jre\jre\bin\net.dll
0x00007ffde8740000 - 0x00007ffde879d000 	C:\Windows\system32\mswsock.dll
0x00007ffddc700000 - 0x00007ffddc711000 	C:\Program Files\Android\Android Studio\jre\jre\bin\nio.dll
0x00007ffdd49a0000 - 0x00007ffdd49b2000 	C:\Users\W10\.gradle\native\19\windows-amd64\native-platform.dll
0x00007ffde87a0000 - 0x00007ffde87b7000 	C:\Windows\SYSTEM32\CRYPTSP.dll
0x00007ffde8e00000 - 0x00007ffde8e28000 	C:\Windows\SYSTEM32\bcrypt.dll
0x00007ffde83f0000 - 0x00007ffde8423000 	C:\Windows\system32\rsaenh.dll
0x00007ffde84e0000 - 0x00007ffde84ff000 	C:\Windows\SYSTEM32\USERENV.dll
0x00007ffde8cf0000 - 0x00007ffde8d5b000 	C:\Windows\system32\bcryptprimitives.dll
0x00007ffde8910000 - 0x00007ffde891b000 	C:\Windows\SYSTEM32\CRYPTBASE.dll
0x00007ffde75b0000 - 0x00007ffde75e8000 	C:\Windows\SYSTEM32\IPHLPAPI.DLL
0x00007ffde7590000 - 0x00007ffde759b000 	C:\Windows\SYSTEM32\WINNSI.DLL
0x00007ffde3800000 - 0x00007ffde3816000 	C:\Windows\SYSTEM32\dhcpcsvc6.DLL
0x00007ffde37e0000 - 0x00007ffde37fa000 	C:\Windows\SYSTEM32\dhcpcsvc.DLL
0x00007ffde4dc0000 - 0x00007ffde4dcd000 	C:\Program Files\Android\Android Studio\jre\jre\bin\management.dll

VM Arguments:
jvm_args: -Xmx1536m -Dfile.encoding=windows-1252 -Duser.country=US -Duser.language=en -Duser.variant 
java_command: org.gradle.launcher.daemon.bootstrap.GradleDaemon 2.14.1
java_class_path (initial): C:\Program Files\Android\Android Studio\gradle\gradle-2.14.1\lib\gradle-launcher-2.14.1.jar
Launcher Type: SUN_STANDARD

Environment Variables:
JAVA_HOME=C:\Program Files\Java\jdk1.8.0_121
PATH=C:\ProgramData\Oracle\Java\javapath;C:\Windows\system32;C:\Windows;C:\Windows\System32\Wbem;C:\Windows\System32\WindowsPowerShell\v1.0\;C:\Program Files (x86)\NVIDIA Corporation\PhysX\Common;C:\Program Files\Java\jdk1.8.0_121\bin
USERNAME=W10
OS=Windows_NT
PROCESSOR_IDENTIFIER=Intel64 Family 6 Model 142 Stepping 9, GenuineIntel



---------------  S Y S T E M  ---------------

OS: Windows 10.0 , 64 bit Build 10240 (10.0.10240.17113)

CPU:total 4 (2 cores per cpu, 2 threads per core) family 6 model 142 stepping 9, cmov, cx8, fxsr, mmx, sse, sse2, sse3, ssse3, sse4.1, sse4.2, popcnt, avx, avx2, aes, clmul, erms, 3dnowpref, lzcnt, ht, tsc, tscinvbit, bmi1, bmi2, adx

Memory: 4k page, physical 8286436k(2448912k free), swap 33452260k(3144k free)

vm_info: OpenJDK 64-Bit Server VM (25.76-b03) for windows-amd64 JRE (1.8.0_76-release-b03), built on Jun 29 2016 19:09:20 by "ralucas" with MS VC++ 10.0 (VS2010)

time: Sat Mar 25 21:53:47 2017
elapsed time: 173 seconds (0d 0h 2m 53s)

